[debug] [2024-03-14T19:17:25.671Z] ----------------------------------------------------------------------
[debug] [2024-03-14T19:17:25.672Z] Command:       /usr/bin/node /usr/bin/firebase deploy
[debug] [2024-03-14T19:17:25.672Z] CLI Version:   13.3.1
[debug] [2024-03-14T19:17:25.673Z] Platform:      linux
[debug] [2024-03-14T19:17:25.673Z] Node Version:  v20.11.0
[debug] [2024-03-14T19:17:25.673Z] Time:          Thu Mar 14 2024 22:47:25 GMT+0330 (Iran Standard Time)
[debug] [2024-03-14T19:17:25.673Z] ----------------------------------------------------------------------
[debug] 
[debug] [2024-03-14T19:17:25.674Z] >>> [apiv2][query] GET https://firebase-public.firebaseio.com/cli.json [none]
[debug] [2024-03-14T19:17:25.738Z] > command requires scopes: ["email","openid","https://www.googleapis.com/auth/cloudplatformprojects.readonly","https://www.googleapis.com/auth/firebase","https://www.googleapis.com/auth/cloud-platform"]
[debug] [2024-03-14T19:17:25.738Z] > authorizing via signed-in user (mahdi.haghnegar@gmail.com)
[debug] [2024-03-14T19:17:25.738Z] [iam] checking project sawptoken for permissions ["firebase.projects.get","firebasehosting.sites.update"]
[debug] [2024-03-14T19:17:25.738Z] >>> [apiv2][query] POST https://cloudresourcemanager.googleapis.com/v1/projects/sawptoken:testIamPermissions [none]
[debug] [2024-03-14T19:17:25.739Z] >>> [apiv2][(partial)header] POST https://cloudresourcemanager.googleapis.com/v1/projects/sawptoken:testIamPermissions x-goog-quota-user=projects/sawptoken
[debug] [2024-03-14T19:17:25.739Z] >>> [apiv2][body] POST https://cloudresourcemanager.googleapis.com/v1/projects/sawptoken:testIamPermissions {"permissions":["firebase.projects.get","firebasehosting.sites.update"]}
[debug] [2024-03-14T19:22:19.069Z] ----------------------------------------------------------------------
[debug] [2024-03-14T19:22:19.070Z] Command:       /usr/bin/node /usr/bin/firebase deploy
[debug] [2024-03-14T19:22:19.071Z] CLI Version:   13.3.1
[debug] [2024-03-14T19:22:19.071Z] Platform:      linux
[debug] [2024-03-14T19:22:19.071Z] Node Version:  v20.11.0
[debug] [2024-03-14T19:22:19.071Z] Time:          Thu Mar 14 2024 22:52:19 GMT+0330 (Iran Standard Time)
[debug] [2024-03-14T19:22:19.071Z] ----------------------------------------------------------------------
[debug] 
[debug] [2024-03-14T19:22:19.072Z] >>> [apiv2][query] GET https://firebase-public.firebaseio.com/cli.json [none]
[debug] [2024-03-14T19:22:19.135Z] > command requires scopes: ["email","openid","https://www.googleapis.com/auth/cloudplatformprojects.readonly","https://www.googleapis.com/auth/firebase","https://www.googleapis.com/auth/cloud-platform"]
[debug] [2024-03-14T19:22:19.136Z] > authorizing via signed-in user (mahdi.haghnegar@gmail.com)
[debug] [2024-03-14T19:22:19.136Z] [iam] checking project sawptoken for permissions ["firebase.projects.get","firebasehosting.sites.update"]
[debug] [2024-03-14T19:22:19.136Z] >>> [apiv2][query] POST https://cloudresourcemanager.googleapis.com/v1/projects/sawptoken:testIamPermissions [none]
[debug] [2024-03-14T19:22:19.136Z] >>> [apiv2][(partial)header] POST https://cloudresourcemanager.googleapis.com/v1/projects/sawptoken:testIamPermissions x-goog-quota-user=projects/sawptoken
[debug] [2024-03-14T19:22:19.136Z] >>> [apiv2][body] POST https://cloudresourcemanager.googleapis.com/v1/projects/sawptoken:testIamPermissions {"permissions":["firebase.projects.get","firebasehosting.sites.update"]}
[debug] [2024-03-14T19:22:19.785Z] <<< [apiv2][status] GET https://firebase-public.firebaseio.com/cli.json 200
[debug] [2024-03-14T19:22:19.785Z] <<< [apiv2][body] GET https://firebase-public.firebaseio.com/cli.json {"cloudBuildErrorAfter":1594252800000,"cloudBuildWarnAfter":1590019200000,"defaultNode10After":1594252800000,"minVersion":"3.0.5","node8DeploysDisabledAfter":1613390400000,"node8RuntimeDisabledAfter":1615809600000,"node8WarnAfter":1600128000000}
[debug] [2024-03-14T19:24:55.697Z] ----------------------------------------------------------------------
[debug] [2024-03-14T19:24:55.699Z] Command:       /usr/bin/node /usr/bin/firebase deploy
[debug] [2024-03-14T19:24:55.699Z] CLI Version:   13.3.1
[debug] [2024-03-14T19:24:55.699Z] Platform:      linux
[debug] [2024-03-14T19:24:55.699Z] Node Version:  v20.11.0
[debug] [2024-03-14T19:24:55.699Z] Time:          Thu Mar 14 2024 22:54:55 GMT+0330 (Iran Standard Time)
[debug] [2024-03-14T19:24:55.699Z] ----------------------------------------------------------------------
[debug] 
[debug] [2024-03-14T19:24:55.742Z] > command requires scopes: ["email","openid","https://www.googleapis.com/auth/cloudplatformprojects.readonly","https://www.googleapis.com/auth/firebase","https://www.googleapis.com/auth/cloud-platform"]
[debug] [2024-03-14T19:24:55.742Z] > authorizing via signed-in user (mahdi.haghnegar@gmail.com)
[debug] [2024-03-14T19:24:55.742Z] [iam] checking project sawptoken for permissions ["firebase.projects.get","firebasehosting.sites.update"]
[debug] [2024-03-14T19:24:55.744Z] >>> [apiv2][query] POST https://cloudresourcemanager.googleapis.com/v1/projects/sawptoken:testIamPermissions [none]
[debug] [2024-03-14T19:24:55.744Z] >>> [apiv2][(partial)header] POST https://cloudresourcemanager.googleapis.com/v1/projects/sawptoken:testIamPermissions x-goog-quota-user=projects/sawptoken
[debug] [2024-03-14T19:24:55.744Z] >>> [apiv2][body] POST https://cloudresourcemanager.googleapis.com/v1/projects/sawptoken:testIamPermissions {"permissions":["firebase.projects.get","firebasehosting.sites.update"]}
[debug] [2024-03-14T19:26:42.325Z] ----------------------------------------------------------------------
[debug] [2024-03-14T19:26:42.327Z] Command:       /usr/bin/node /usr/bin/firebase deploy
[debug] [2024-03-14T19:26:42.327Z] CLI Version:   13.3.1
[debug] [2024-03-14T19:26:42.327Z] Platform:      linux
[debug] [2024-03-14T19:26:42.327Z] Node Version:  v20.11.0
[debug] [2024-03-14T19:26:42.327Z] Time:          Thu Mar 14 2024 22:56:42 GMT+0330 (Iran Standard Time)
[debug] [2024-03-14T19:26:42.327Z] ----------------------------------------------------------------------
[debug] 
[debug] [2024-03-14T19:26:42.367Z] > command requires scopes: ["email","openid","https://www.googleapis.com/auth/cloudplatformprojects.readonly","https://www.googleapis.com/auth/firebase","https://www.googleapis.com/auth/cloud-platform"]
[debug] [2024-03-14T19:26:42.367Z] > authorizing via signed-in user (mahdi.haghnegar@gmail.com)
[debug] [2024-03-14T19:26:42.367Z] [iam] checking project sawptoken for permissions ["firebase.projects.get","firebasehosting.sites.update"]
[debug] [2024-03-14T19:26:42.368Z] >>> [apiv2][query] POST https://cloudresourcemanager.googleapis.com/v1/projects/sawptoken:testIamPermissions [none]
[debug] [2024-03-14T19:26:42.368Z] >>> [apiv2][(partial)header] POST https://cloudresourcemanager.googleapis.com/v1/projects/sawptoken:testIamPermissions x-goog-quota-user=projects/sawptoken
[debug] [2024-03-14T19:26:42.368Z] >>> [apiv2][body] POST https://cloudresourcemanager.googleapis.com/v1/projects/sawptoken:testIamPermissions {"permissions":["firebase.projects.get","firebasehosting.sites.update"]}
[debug] [2024-03-14T19:35:18.953Z] ----------------------------------------------------------------------
[debug] [2024-03-14T19:35:18.954Z] Command:       /usr/bin/node /usr/bin/firebase deploy
[debug] [2024-03-14T19:35:18.955Z] CLI Version:   13.3.1
[debug] [2024-03-14T19:35:18.955Z] Platform:      linux
[debug] [2024-03-14T19:35:18.955Z] Node Version:  v20.11.0
[debug] [2024-03-14T19:35:18.955Z] Time:          Thu Mar 14 2024 23:05:18 GMT+0330 (Iran Standard Time)
[debug] [2024-03-14T19:35:18.955Z] ----------------------------------------------------------------------
[debug] 
[debug] [2024-03-14T19:35:19.013Z] > command requires scopes: ["email","openid","https://www.googleapis.com/auth/cloudplatformprojects.readonly","https://www.googleapis.com/auth/firebase","https://www.googleapis.com/auth/cloud-platform"]
[debug] [2024-03-14T19:35:19.013Z] > authorizing via signed-in user (mahdi.haghnegar@gmail.com)
[debug] [2024-03-14T19:35:19.014Z] [iam] checking project sawptoken for permissions ["firebase.projects.get","firebasehosting.sites.update"]
[debug] [2024-03-14T19:35:19.015Z] >>> [apiv2][query] POST https://cloudresourcemanager.googleapis.com/v1/projects/sawptoken:testIamPermissions [none]
[debug] [2024-03-14T19:35:19.015Z] >>> [apiv2][(partial)header] POST https://cloudresourcemanager.googleapis.com/v1/projects/sawptoken:testIamPermissions x-goog-quota-user=projects/sawptoken
[debug] [2024-03-14T19:35:19.016Z] >>> [apiv2][body] POST https://cloudresourcemanager.googleapis.com/v1/projects/sawptoken:testIamPermissions {"permissions":["firebase.projects.get","firebasehosting.sites.update"]}
[debug] [2024-03-14T19:35:19.645Z] <<< [apiv2][status] POST https://cloudresourcemanager.googleapis.com/v1/projects/sawptoken:testIamPermissions 200
[debug] [2024-03-14T19:35:19.645Z] <<< [apiv2][body] POST https://cloudresourcemanager.googleapis.com/v1/projects/sawptoken:testIamPermissions {"permissions":["firebase.projects.get","firebasehosting.sites.update"]}
[debug] [2024-03-14T19:35:19.646Z] >>> [apiv2][query] GET https://firebase.googleapis.com/v1beta1/projects/sawptoken [none]
[debug] [2024-03-14T19:35:20.896Z] <<< [apiv2][status] GET https://firebase.googleapis.com/v1beta1/projects/sawptoken 200
[debug] [2024-03-14T19:35:20.896Z] <<< [apiv2][body] GET https://firebase.googleapis.com/v1beta1/projects/sawptoken {"projectId":"sawptoken","projectNumber":"440535725477","displayName":"SawpToken","name":"projects/sawptoken","resources":{"hostingSite":"sawptoken"},"state":"ACTIVE","etag":"1_f6b6d2a3-46cb-4b18-b0b6-9f9c2748769d"}
[info] 
[info] === Deploying to 'sawptoken'...
[info] 
[info] i  deploying hosting 
[debug] [2024-03-14T19:35:20.901Z] >>> [apiv2][query] POST https://firebasehosting.googleapis.com/v1beta1/projects/-/sites/sawptoken/versions [none]
[debug] [2024-03-14T19:35:20.901Z] >>> [apiv2][body] POST https://firebasehosting.googleapis.com/v1beta1/projects/-/sites/sawptoken/versions {"status":"CREATED","labels":{"deployment-tool":"cli-firebase"}}
[debug] [2024-03-14T19:35:22.811Z] <<< [apiv2][status] POST https://firebasehosting.googleapis.com/v1beta1/projects/-/sites/sawptoken/versions 200
[debug] [2024-03-14T19:35:22.811Z] <<< [apiv2][body] POST https://firebasehosting.googleapis.com/v1beta1/projects/-/sites/sawptoken/versions {"name":"projects/440535725477/sites/sawptoken/versions/8c9731348d75eefd","status":"CREATED","config":{},"labels":{"deployment-tool":"cli-firebase"}}
